SF:lib/domain/entities/post.dart
DA:9,9
DA:17,6
DA:19,2
DA:20,10
LF:4
LH:4
end_of_record
SF:lib/ui/controllers/home_controller.dart
DA:10,2
DA:12,2
DA:14,2
DA:17,2
DA:23,2
DA:24,4
DA:25,4
DA:26,8
DA:27,4
LF:9
LH:9
end_of_record
SF:lib/common/exceptions.dart
DA:8,2
LF:1
LH:1
end_of_record
SF:lib/common/logger.dart
DA:3,5
DA:5,6
DA:6,2
LF:3
LH:3
end_of_record
SF:lib/data/models/post.model.dart
DA:10,4
DA:17,2
DA:18,2
DA:19,2
DA:20,2
DA:21,2
DA:22,2
DA:33,1
DA:34,1
DA:35,1
DA:36,1
DA:37,1
DA:38,1
DA:49,12
DA:51,0
DA:52,0
LF:16
LH:14
end_of_record
SF:lib/data/post.remote.dart
DA:13,3
DA:14,3
DA:17,1
DA:26,2
DA:27,1
DA:28,2
DA:29,0
DA:30,0
DA:31,0
DA:32,0
DA:35,4
DA:36,5
DA:39,2
DA:41,4
DA:42,4
DA:43,2
DA:44,0
DA:45,0
DA:46,0
DA:47,0
DA:50,4
DA:51,2
LF:22
LH:14
end_of_record
SF:lib/ui/controllers/detail_page_controller.dart
DA:10,4
DA:12,4
DA:14,4
DA:15,8
DA:17,4
DA:22,4
DA:23,8
DA:24,8
DA:25,3
DA:26,0
DA:27,9
DA:29,6
LF:12
LH:11
end_of_record
SF:lib/ui/bindings/detail_page_bindings.dart
DA:6,1
DA:8,2
DA:9,2
DA:10,2
LF:4
LH:4
end_of_record
SF:lib/data/post_repository.impl.dart
DA:10,3
DA:12,1
DA:19,2
DA:20,5
DA:21,1
DA:22,2
DA:26,2
DA:29,4
DA:30,2
DA:31,1
DA:32,2
LF:11
LH:11
end_of_record
SF:lib/ui/bindings/initial_bindings.dart
DA:9,2
DA:11,6
DA:12,4
DA:13,6
DA:14,4
DA:15,2
DA:16,2
LF:7
LH:7
end_of_record
SF:lib/ui/app.dart
DA:11,1
DA:14,1
DA:16,2
DA:17,1
DA:30,2
DA:32,1
DA:34,1
DA:36,1
DA:37,1
DA:40,1
DA:41,1
DA:43,1
DA:44,1
DA:45,1
DA:48,1
DA:50,0
DA:51,1
DA:52,1
DA:57,1
LF:19
LH:18
end_of_record
SF:lib/ui/bindings/home_bindings.dart
DA:6,1
DA:8,2
LF:2
LH:2
end_of_record
SF:lib/ui/pages/detail_page.dart
DA:6,5
DA:7,1
DA:9,5
DA:10,1
DA:11,1
DA:14,1
DA:15,1
DA:16,1
DA:17,1
DA:19,1
DA:21,1
DA:22,1
DA:23,6
DA:24,3
DA:26,1
DA:27,5
DA:28,3
DA:30,1
DA:31,5
DA:32,1
DA:33,1
DA:34,1
DA:35,1
DA:40,1
DA:41,5
DA:42,1
DA:43,1
DA:44,1
DA:45,1
LF:29
LH:29
end_of_record
SF:lib/ui/pages/home_page.dart
DA:8,2
DA:10,1
DA:12,1
DA:13,1
DA:16,1
DA:17,2
DA:18,2
DA:19,0
DA:20,0
DA:22,0
DA:25,4
DA:26,3
LF:12
LH:9
end_of_record
SF:lib/ui/widgets/post_list_item.dart
DA:9,1
DA:16,1
DA:18,1
DA:19,3
DA:21,3
LF:5
LH:5
end_of_record
